<?xml version="1.0" encoding="UTF-8"?>
<!-- Generated by org.testng.reporters.JUnitReportReporter -->
<testsuite hostname="DESKTOP-RCIIT71" failures="0" tests="4" name="TestCase.Ex1ModuleNo1" time="0.015" errors="0" timestamp="2022-08-03T14:44:34 IST" skipped="0">
  <testcase classname="TestCase.Ex1ModuleNo1" name="Sanitytest" time="0.008"/>
  <system-out>
    <![CDATA[SanityTest]]>
  </system-out>
  <testcase classname="TestCase.Ex1ModuleNo1" name="Sanitytest" time="0.001"/>
  <system-out>
    <![CDATA[SanityTest]]>
  </system-out>
  <testcase classname="TestCase.Ex1ModuleNo1" name="Smoketest" time="0.002"/>
  <system-out>
    <![CDATA[SmokeTest]]>
  </system-out>
  <testcase classname="TestCase.Ex1ModuleNo1" name="Smoketest" time="0.004"/>
  <system-out>
    <![CDATA[SmokeTest]]>
  </system-out>
</testsuite> <!-- TestCase.Ex1ModuleNo1 -->
