<?xml version="1.0" encoding="UTF-8"?>
<!-- Generated by org.testng.reporters.JUnitReportReporter -->
<testsuite hostname="DESKTOP-RCIIT71" failures="0" tests="8" name="TestCase.Ex1ModuleNo2" time="0.081" errors="0" timestamp="2022-08-03T14:40:30 IST" skipped="0">
  <testcase classname="TestCase.Ex1ModuleNo2" name="FunctionalTest" time="0.007"/>
  <system-out>
    <![CDATA[FunctionalTest]]>
  </system-out>
  <testcase classname="TestCase.Ex1ModuleNo2" name="FunctionalCoveragesTest" time="0.004"/>
  <system-out>
    <![CDATA[checkedTest]]>
  </system-out>
  <testcase classname="TestCase.Ex1ModuleNo2" name="BehaviriolCoverageTest" time="0.002"/>
  <system-out/>
  <testcase classname="TestCase.Ex1ModuleNo2" name="InputDomainCoverageTest" time="0.003"/>
  <system-out>
    <![CDATA[Checked Coverage]]>
  </system-out>
  <testcase classname="TestCase.Ex1ModuleNo2" name="ErrorhandalingCoverageTest" time="0.002"/>
  <system-out>
    <![CDATA[Checked Coverage]]>
  </system-out>
  <testcase classname="TestCase.Ex1ModuleNo2" name="BackendCoverageTest" time="0.009"/>
  <system-out>
    <![CDATA[Checked Coverage]]>
  </system-out>
  <testcase classname="TestCase.Ex1ModuleNo2" name="ServiceBaseCoverageTest" time="0.052"/>
  <system-out>
    <![CDATA[Checked Coverage]]>
  </system-out>
  <testcase classname="TestCase.Ex1ModuleNo2" name="CalculationBaseCoverageTest" time="0.002"/>
  <system-out>
    <![CDATA[Checked Coverage]]>
  </system-out>
</testsuite> <!-- TestCase.Ex1ModuleNo2 -->
