<?xml version="1.0" encoding="UTF-8"?>
<!-- Generated by org.testng.reporters.JUnitReportReporter -->
<testsuite hostname="DESKTOP-RCIIT71" failures="0" tests="2" name="TestCase.Ex1ModuleNo4" time="0.006" errors="0" timestamp="2022-08-03T14:44:34 IST" skipped="0">
  <testcase classname="TestCase.Ex1ModuleNo4" name="Combinedtest12" time="0.002"/>
  <system-out>
    <![CDATA[Done succesfully]]>
  </system-out>
  <testcase classname="TestCase.Ex1ModuleNo4" name="Combinedtest231" time="0.004"/>
  <system-out>
    <![CDATA[Done succesfully]]>
  </system-out>
</testsuite> <!-- TestCase.Ex1ModuleNo4 -->
