<?xml version="1.0" encoding="UTF-8"?>
<!-- Generated by org.testng.reporters.JUnitReportReporter -->
<testsuite hostname="DESKTOP-RCIIT71" failures="0" tests="3" name="Practice.Demo" time="0.018" errors="0" timestamp="2022-07-30T11:08:04 IST" skipped="0">
  <testcase classname="Practice.Demo" name="sitelocation" time="0.014"/>
  <system-out>
    <![CDATA[Passed test]]>
  </system-out>
  <testcase classname="Practice.Demo" name="login" time="0.002"/>
  <system-out>
    <![CDATA[Passed test]]>
  </system-out>
  <testcase classname="Practice.Demo" name="logout" time="0.002"/>
  <system-out>
    <![CDATA[Passed test]]>
  </system-out>
</testsuite> <!-- Practice.Demo -->
