<?xml version="1.0" encoding="UTF-8"?>
<!-- Generated by org.testng.reporters.JUnitReportReporter -->
<testsuite hostname="DESKTOP-RCIIT71" failures="0" tests="1" name="FacebookPMO.RegisterationFacebookTest" time="3.156" errors="0" timestamp="2022-08-06T15:42:53 IST" skipped="0">
  <testcase classname="FacebookPMO.RegisterationFacebookTest" name="FacebookTestSginUpPage" time="3.156"/>
  <system-out/>
</testsuite> <!-- FacebookPMO.RegisterationFacebookTest -->
