<?xml version="1.0" encoding="UTF-8"?>
<!-- Generated by org.testng.reporters.JUnitReportReporter -->
<testsuite hostname="DESKTOP-RCIIT71" failures="0" tests="1" name="POMDemo.InstagramLogInPageTest" time="2.671" errors="0" timestamp="2022-08-06T13:11:47 IST" skipped="0">
  <testcase classname="POMDemo.InstagramLogInPageTest" name="InstagramSignUpPageTest" time="2.671"/>
  <system-out/>
</testsuite> <!-- POMDemo.InstagramLogInPageTest -->
