<?xml version="1.0" encoding="UTF-8"?>
<!-- Generated by org.testng.reporters.JUnitReportReporter -->
<testsuite hostname="DESKTOP-RCIIT71" failures="0" tests="12" name="CrossBrowserTesting.Demo" time="22.661" errors="0" timestamp="2022-08-06T12:41:26 IST" skipped="0">
  <testcase classname="CrossBrowserTesting.Demo" name="CrossBrowserTesting" time="5.746"/>
  <system-out/>
  <testcase classname="CrossBrowserTesting.Demo" name="CrossBrowserTesting" time="9.875"/>
  <system-out/>
  <testcase classname="CrossBrowserTesting.Demo" name="verifycurrenturl" time="0.010"/>
  <system-out/>
  <testcase classname="CrossBrowserTesting.Demo" name="verifycurrenturl" time="0.077"/>
  <system-out/>
  <testcase classname="CrossBrowserTesting.Demo" name="verifypagetitle" time="0.011"/>
  <system-out/>
  <testcase classname="CrossBrowserTesting.Demo" name="verifypagetitle" time="0.099"/>
  <system-out/>
  <testcase classname="CrossBrowserTesting.Demo" name="verifyusername" time="0.197"/>
  <system-out/>
  <testcase classname="CrossBrowserTesting.Demo" name="verifyusername" time="0.436"/>
  <system-out/>
  <testcase classname="CrossBrowserTesting.Demo" name="verifypasswordfield" time="0.078"/>
  <system-out/>
  <testcase classname="CrossBrowserTesting.Demo" name="verifypasswordfield" time="0.448"/>
  <system-out/>
  <testcase classname="CrossBrowserTesting.Demo" name="verifyloginbutton" time="0.144"/>
  <system-out/>
  <testcase classname="CrossBrowserTesting.Demo" name="verifyloginbutton" time="5.540"/>
  <system-out/>
</testsuite> <!-- CrossBrowserTesting.Demo -->
