<?xml version="1.0" encoding="UTF-8"?>
<!-- Generated by org.testng.reporters.JUnitReportReporter -->
<testsuite hostname="DESKTOP-RCIIT71" failures="0" tests="3" name="TestCaseWithAnnotations.Ex2TOut" time="31.007" errors="0" timestamp="2022-08-03T14:56:38 IST" skipped="0">
  <testcase classname="TestCaseWithAnnotations.Ex2TOut" name="chrometest" time="11.662"/>
  <system-out/>
  <testcase classname="TestCaseWithAnnotations.Ex2TOut" name="chrometest" time="11.600"/>
  <system-out/>
  <testcase classname="TestCaseWithAnnotations.Ex2TOut" name="chrometest" time="7.745"/>
  <system-out/>
</testsuite> <!-- TestCaseWithAnnotations.Ex2TOut -->
