<?xml version="1.0" encoding="UTF-8"?>
<!-- Generated by org.testng.reporters.JUnitReportReporter -->
<testsuite hostname="DESKTOP-RCIIT71" failures="0" tests="4" name="TestCase.Ex1ModuleNo3" time="0.011" errors="0" timestamp="2022-08-03T14:40:30 IST" skipped="0">
  <testcase classname="TestCase.Ex1ModuleNo3" name="NonFunctionalTest" time="0.002"/>
  <system-out>
    <![CDATA[Checked NonFunctionalTest]]>
  </system-out>
  <testcase classname="TestCase.Ex1ModuleNo3" name="RecoveryTest" time="0.001"/>
  <system-out>
    <![CDATA[Checked Recovery]]>
  </system-out>
  <testcase classname="TestCase.Ex1ModuleNo3" name="CompatibilityTest1" time="0.002"/>
  <system-out>
    <![CDATA[Checked Compatibility]]>
  </system-out>
  <testcase classname="TestCase.Ex1ModuleNo3" name="ConfigurationTest" time="0.006"/>
  <system-out>
    <![CDATA[Checked Config]]>
  </system-out>
</testsuite> <!-- TestCase.Ex1ModuleNo3 -->
